<?xml version="1.0" encoding="UTF-8"?>
<!-- Generated by org.testng.reporters.JUnitXMLReporter -->
<testsuite hostname="IND-TJaiswal" name="Test" tests="1" failures="1" timestamp="20 Dec 2017 13:32:53 GMT" time="148.127" errors="0">
  <testcase name="verifyLoginWithCreadentials" time="128.032" classname="com.nvidia.testscripts.TC001_VerifyAddcartTest">
    <failure type="java.lang.AssertionError" message="expected [Checkoutpage title PayPal Checkout - Create a PayPal account!] but found [PayPal Checkout - Create a PayPal account!]">
      <![CDATA[java.lang.AssertionError: expected [Checkoutpage title PayPal Checkout - Create a PayPal account!] but found [PayPal Checkout - Create a PayPal account!]
	at com.nvidia.testscripts.TC001_VerifyAddcartTest.verifyLoginWithCreadentials(TC001_VerifyAddcartTest.java:33)
... Removed 29 stack frames]]>
    </failure>
  </testcase> <!-- verifyLoginWithCreadentials -->
</testsuite> <!-- Test -->
