<?xml version="1.0" encoding="UTF-8"?>
<!-- Generated by org.testng.reporters.JUnitXMLReporter -->
<testsuite hostname="IND-TJaiswal" name="Test2" tests="3" failures="2" timestamp="4 Aug 2017 05:08:18 GMT" time="81.135" errors="0">
  <testcase name="verifyAdminLogin" time="4.783" classname="com.orangeHRM.commons.testscripts.TC003_AgainLoginAdminAndUser"/>
  <testcase name="verifyApprovalByAdmin" time="37.158" classname="com.orangeHRM.commons.testscripts.TC003_AgainLoginAdminAndUser">
    <failure type="org.openqa.selenium.NoSuchElementException" message="Unable to locate element: {&amp;quot;method&amp;quot;:&amp;quot;id&amp;quot;,&amp;quot;selector&amp;quot;:&amp;quot;select_leave_action_7&amp;quot;}
Command duration or timeout: 30.10 seconds">
      <![CDATA[org.openqa.selenium.NoSuchElementException: Unable to locate element: {"method":"id","selector":"select_leave_action_7"}
Command duration or timeout: 30.10 seconds
	at org.openqa.selenium.remote.ErrorHandler.createThrowable(ErrorHandler.java:216)
	at org.openqa.selenium.remote.ErrorHandler.throwIfResponseFailed(ErrorHandler.java:168)
	at org.openqa.selenium.remote.RemoteWebDriver.execute(RemoteWebDriver.java:635)
	at org.openqa.selenium.remote.RemoteWebDriver.findElement(RemoteWebDriver.java:368)
	at org.openqa.selenium.remote.RemoteWebDriver.findElementById(RemoteWebDriver.java:417)
	at org.openqa.selenium.By$ById.findElement(By.java:218)
	at org.openqa.selenium.remote.RemoteWebDriver.findElement(RemoteWebDriver.java:360)
	at org.openqa.selenium.support.pagefactory.DefaultElementLocator.findElement(DefaultElementLocator.java:69)
	at org.openqa.selenium.support.pagefactory.internal.LocatingElementHandler.invoke(LocatingElementHandler.java:38)
	at com.sun.proxy.$Proxy7.getTagName(Unknown Source)
	at org.openqa.selenium.support.ui.Select.<init>(Select.java:44)
	at com.orangeHRM.common.pageobjects.LoginAdminPage.leaveApproveByAdmin(LoginAdminPage.java:211)
	at com.orangeHRM.commons.testscripts.TC003_AgainLoginAdminAndUser.verifyApprovalByAdmin(TC003_AgainLoginAdminAndUser.java:42)
Caused by: org.openqa.selenium.NoSuchElementException: Unable to locate element: {"method":"id","selector":"select_leave_action_7"}
For documentation on this error, please visit: http://seleniumhq.org/exceptions/no_such_element.html
Build info: version: '3.1.0', revision: 'b94c902', time: '2017-02-16 12:21:31 -0800'
System info: host: 'IND-TJAISWAL', ip: '164.99.138.92', os.name: 'Windows 7', os.arch: 'amd64', os.version: '6.1', java.version: '1.8.0_91'
Driver info: driver.version: unknown
	at <anonymous class>.FirefoxDriver.prototype.findElementInternal_(file:///C:/Users/tjaiswal/AppData/Local/Temp/anonymous2387523738257929753webdriver-profile/extensions/fxdriver@googlecode.com/components/driver-component.js:11223)
	at <anonymous class>.fxdriver.Timer.prototype.setTimeout/<.notify(file:///C:/Users/tjaiswal/AppData/Local/Temp/anonymous2387523738257929753webdriver-profile/extensions/fxdriver@googlecode.com/components/driver-component.js:792)
... Removed 28 stack frames]]>
    </failure>
  </testcase> <!-- verifyApprovalByAdmin -->
  <testcase name="verifyApproavlByUser" time="30.075" classname="com.orangeHRM.commons.testscripts.TC003_AgainLoginAdminAndUser">
    <failure type="org.openqa.selenium.NoSuchElementException" message="Unable to locate element: {&amp;quot;method&amp;quot;:&amp;quot;id&amp;quot;,&amp;quot;selector&amp;quot;:&amp;quot;txtUsername&amp;quot;}
Command duration or timeout: 30.07 seconds">
      <![CDATA[org.openqa.selenium.NoSuchElementException: Unable to locate element: {"method":"id","selector":"txtUsername"}
Command duration or timeout: 30.07 seconds
	at org.openqa.selenium.remote.ErrorHandler.createThrowable(ErrorHandler.java:216)
	at org.openqa.selenium.remote.ErrorHandler.throwIfResponseFailed(ErrorHandler.java:168)
	at org.openqa.selenium.remote.RemoteWebDriver.execute(RemoteWebDriver.java:635)
	at org.openqa.selenium.remote.RemoteWebDriver.findElement(RemoteWebDriver.java:368)
	at org.openqa.selenium.remote.RemoteWebDriver.findElementById(RemoteWebDriver.java:417)
	at org.openqa.selenium.By$ById.findElement(By.java:218)
	at org.openqa.selenium.remote.RemoteWebDriver.findElement(RemoteWebDriver.java:360)
	at org.openqa.selenium.support.pagefactory.DefaultElementLocator.findElement(DefaultElementLocator.java:69)
	at org.openqa.selenium.support.pagefactory.internal.LocatingElementHandler.invoke(LocatingElementHandler.java:38)
	at com.sun.proxy.$Proxy7.clear(Unknown Source)
	at com.orangeHRM.common.pageobjects.LoginUserPage.loginWithUserCredentials(LoginUserPage.java:72)
	at com.orangeHRM.commons.testscripts.TC003_AgainLoginAdminAndUser.verifyApproavlByUser(TC003_AgainLoginAdminAndUser.java:54)
Caused by: org.openqa.selenium.NoSuchElementException: Unable to locate element: {"method":"id","selector":"txtUsername"}
For documentation on this error, please visit: http://seleniumhq.org/exceptions/no_such_element.html
Build info: version: '3.1.0', revision: 'b94c902', time: '2017-02-16 12:21:31 -0800'
System info: host: 'IND-TJAISWAL', ip: '164.99.138.92', os.name: 'Windows 7', os.arch: 'amd64', os.version: '6.1', java.version: '1.8.0_91'
Driver info: driver.version: unknown
	at <anonymous class>.FirefoxDriver.prototype.findElementInternal_(file:///C:/Users/tjaiswal/AppData/Local/Temp/anonymous2387523738257929753webdriver-profile/extensions/fxdriver@googlecode.com/components/driver-component.js:11223)
	at <anonymous class>.fxdriver.Timer.prototype.setTimeout/<.notify(file:///C:/Users/tjaiswal/AppData/Local/Temp/anonymous2387523738257929753webdriver-profile/extensions/fxdriver@googlecode.com/components/driver-component.js:792)
... Removed 28 stack frames]]>
    </failure>
  </testcase> <!-- verifyApproavlByUser -->
</testsuite> <!-- Test2 -->
