<?xml version="1.0" encoding="UTF-8"?>
<testng-results skipped="0" failed="1" total="1" passed="0">
  <reporter-output>
  </reporter-output>
  <suite name="Default suite" duration-ms="93188" started-at="2017-12-20T13:10:46Z" finished-at="2017-12-20T13:12:20Z">
    <groups>
    </groups>
    <test name="Default test" duration-ms="93188" started-at="2017-12-20T13:10:46Z" finished-at="2017-12-20T13:12:20Z">
      <class name="com.nvidia.testscripts.TC001_VerifyAddcartTest">
        <test-method status="PASS" signature="setUp()[pri:0, instance:com.nvidia.testscripts.TC001_VerifyAddcartTest@6a41eaa2]" name="setUp" is-config="true" duration-ms="22866" started-at="2017-12-20T18:40:46Z" finished-at="2017-12-20T18:41:09Z">
          <reporter-output>
          </reporter-output>
        </test-method> <!-- setUp -->
        <test-method status="FAIL" signature="verifyLoginWithCreadentials()[pri:0, instance:com.nvidia.testscripts.TC001_VerifyAddcartTest@6a41eaa2]" name="verifyLoginWithCreadentials" duration-ms="70276" started-at="2017-12-20T18:41:09Z" finished-at="2017-12-20T18:42:19Z">
          <exception class="org.openqa.selenium.ElementNotVisibleException">
            <message>
              <![CDATA[Element is not currently visible and so may not be interacted with
Command duration or timeout: 60.04 seconds]]>
            </message>
            <full-stacktrace>
              <![CDATA[org.openqa.selenium.ElementNotVisibleException: Element is not currently visible and so may not be interacted with
Command duration or timeout: 60.04 seconds
	at sun.reflect.NativeConstructorAccessorImpl.newInstance0(Native Method)
	at sun.reflect.NativeConstructorAccessorImpl.newInstance(NativeConstructorAccessorImpl.java:62)
	at sun.reflect.DelegatingConstructorAccessorImpl.newInstance(DelegatingConstructorAccessorImpl.java:45)
	at java.lang.reflect.Constructor.newInstance(Constructor.java:423)
	at org.openqa.selenium.remote.ErrorHandler.createThrowable(ErrorHandler.java:216)
	at org.openqa.selenium.remote.ErrorHandler.throwIfResponseFailed(ErrorHandler.java:168)
	at org.openqa.selenium.remote.RemoteWebDriver.execute(RemoteWebDriver.java:635)
	at org.openqa.selenium.remote.RemoteWebElement.execute(RemoteWebElement.java:274)
	at org.openqa.selenium.remote.RemoteWebElement.click(RemoteWebElement.java:84)
	at sun.reflect.NativeMethodAccessorImpl.invoke0(Native Method)
	at sun.reflect.NativeMethodAccessorImpl.invoke(NativeMethodAccessorImpl.java:62)
	at sun.reflect.DelegatingMethodAccessorImpl.invoke(DelegatingMethodAccessorImpl.java:43)
	at java.lang.reflect.Method.invoke(Method.java:498)
	at org.openqa.selenium.support.pagefactory.internal.LocatingElementHandler.invoke(LocatingElementHandler.java:51)
	at com.sun.proxy.$Proxy7.click(Unknown Source)
	at com.nvidia.pageobject.NvidiaShopping.verifyaddItemToCart(NvidiaShopping.java:97)
	at com.nvidia.testscripts.TC001_VerifyAddcartTest.verifyLoginWithCreadentials(TC001_VerifyAddcartTest.java:29)
	at sun.reflect.NativeMethodAccessorImpl.invoke0(Native Method)
	at sun.reflect.NativeMethodAccessorImpl.invoke(NativeMethodAccessorImpl.java:62)
	at sun.reflect.DelegatingMethodAccessorImpl.invoke(DelegatingMethodAccessorImpl.java:43)
	at java.lang.reflect.Method.invoke(Method.java:498)
	at org.testng.internal.MethodInvocationHelper.invokeMethod(MethodInvocationHelper.java:80)
	at org.testng.internal.Invoker.invokeMethod(Invoker.java:714)
	at org.testng.internal.Invoker.invokeTestMethod(Invoker.java:901)
	at org.testng.internal.Invoker.invokeTestMethods(Invoker.java:1231)
	at org.testng.internal.TestMethodWorker.invokeTestMethods(TestMethodWorker.java:127)
	at org.testng.internal.TestMethodWorker.run(TestMethodWorker.java:111)
	at org.testng.TestRunner.privateRun(TestRunner.java:767)
	at org.testng.TestRunner.run(TestRunner.java:617)
	at org.testng.SuiteRunner.runTest(SuiteRunner.java:334)
	at org.testng.SuiteRunner.runSequentially(SuiteRunner.java:329)
	at org.testng.SuiteRunner.privateRun(SuiteRunner.java:291)
	at org.testng.SuiteRunner.run(SuiteRunner.java:240)
	at org.testng.SuiteRunnerWorker.runSuite(SuiteRunnerWorker.java:52)
	at org.testng.SuiteRunnerWorker.run(SuiteRunnerWorker.java:86)
	at org.testng.TestNG.runSuitesSequentially(TestNG.java:1198)
	at org.testng.TestNG.runSuitesLocally(TestNG.java:1123)
	at org.testng.TestNG.run(TestNG.java:1031)
	at org.testng.remote.AbstractRemoteTestNG.run(AbstractRemoteTestNG.java:132)
	at org.testng.remote.RemoteTestNG.initAndRun(RemoteTestNG.java:230)
	at org.testng.remote.RemoteTestNG.main(RemoteTestNG.java:76)
Caused by: org.openqa.selenium.ElementNotVisibleException: Element is not currently visible and so may not be interacted with
Build info: version: '3.1.0', revision: 'b94c902', time: '2017-02-16 12:21:31 -0800'
System info: host: 'IND-TJAISWAL', ip: '164.99.138.92', os.name: 'Windows 7', os.arch: 'amd64', os.version: '6.1', java.version: '1.8.0_91'
Driver info: driver.version: unknown
	at <anonymous class>.fxdriver.preconditions.visible(file:///C:/Users/tjaiswal/AppData/Local/Temp/anonymous251712956431968207webdriver-profile/extensions/fxdriver@googlecode.com/components/command-processor.js:10752)
	at <anonymous class>.DelayedCommand.prototype.checkPreconditions_(file:///C:/Users/tjaiswal/AppData/Local/Temp/anonymous251712956431968207webdriver-profile/extensions/fxdriver@googlecode.com/components/command-processor.js:12727)
	at <anonymous class>.DelayedCommand.prototype.executeInternal_/h(file:///C:/Users/tjaiswal/AppData/Local/Temp/anonymous251712956431968207webdriver-profile/extensions/fxdriver@googlecode.com/components/command-processor.js:12744)
	at <anonymous class>.fxdriver.Timer.prototype.setTimeout/<.notify(file:///C:/Users/tjaiswal/AppData/Local/Temp/anonymous251712956431968207webdriver-profile/extensions/fxdriver@googlecode.com/components/command-processor.js:720)
]]>
            </full-stacktrace>
          </exception> <!-- org.openqa.selenium.ElementNotVisibleException -->
          <reporter-output>
          </reporter-output>
        </test-method> <!-- verifyLoginWithCreadentials -->
        <test-method status="PASS" signature="closeDriver()[pri:0, instance:com.nvidia.testscripts.TC001_VerifyAddcartTest@6a41eaa2]" name="closeDriver" is-config="true" duration-ms="22" started-at="2017-12-20T18:42:19Z" finished-at="2017-12-20T18:42:20Z">
          <reporter-output>
          </reporter-output>
        </test-method> <!-- closeDriver -->
      </class> <!-- com.nvidia.testscripts.TC001_VerifyAddcartTest -->
    </test> <!-- Default test -->
  </suite> <!-- Default suite -->
</testng-results>
